{"/Users/vulebaolong/Dragon/Work/Tech_node/folow_class/node_50/ExpressJS/cyber_commynity/src/common/constant/app.constant.js": {"path":"/Users/vulebaolong/Dragon/Work/Tech_node/folow_class/node_50/ExpressJS/cyber_commynity/src/common/constant/app.constant.js","statementMap":{"0":{"start":{"line":3,"column":28},"end":{"line":3,"column":52}},"1":{"start":{"line":5,"column":35},"end":{"line":5,"column":66}},"2":{"start":{"line":6,"column":36},"end":{"line":6,"column":68}},"3":{"start":{"line":8,"column":36},"end":{"line":8,"column":68}},"4":{"start":{"line":9,"column":37},"end":{"line":9,"column":70}},"5":{"start":{"line":11,"column":32},"end":{"line":11,"column":60}},"6":{"start":{"line":12,"column":36},"end":{"line":12,"column":68}},"7":{"start":{"line":15,"column":0},"end":{"line":23,"column":3}}},"fnMap":{},"branchMap":{},"s":{"0":1,"1":1,"2":1,"3":1,"4":1,"5":1,"6":1,"7":1},"f":{},"b":{},"_coverageSchema":"1a1c01bbd47fc00a2c39e90264f33305004495a9","hash":"8eeb03c92a989f7be49f4441370a452d1d1a69e3"}
,"/Users/vulebaolong/Dragon/Work/Tech_node/folow_class/node_50/ExpressJS/cyber_commynity/src/common/helpers/exception.helper.js": {"path":"/Users/vulebaolong/Dragon/Work/Tech_node/folow_class/node_50/ExpressJS/cyber_commynity/src/common/helpers/exception.helper.js","statementMap":{"0":{"start":{"line":5,"column":6},"end":{"line":5,"column":21}},"1":{"start":{"line":6,"column":6},"end":{"line":6,"column":48}},"2":{"start":{"line":12,"column":6},"end":{"line":12,"column":21}},"3":{"start":{"line":13,"column":6},"end":{"line":13,"column":49}},"4":{"start":{"line":19,"column":6},"end":{"line":19,"column":21}},"5":{"start":{"line":20,"column":6},"end":{"line":20,"column":46}}},"fnMap":{"0":{"name":"(anonymous_0)","decl":{"start":{"line":4,"column":3},"end":{"line":4,"column":4}},"loc":{"start":{"line":4,"column":48},"end":{"line":7,"column":4}},"line":4},"1":{"name":"(anonymous_1)","decl":{"start":{"line":11,"column":3},"end":{"line":11,"column":4}},"loc":{"start":{"line":11,"column":50},"end":{"line":14,"column":4}},"line":11},"2":{"name":"(anonymous_2)","decl":{"start":{"line":18,"column":3},"end":{"line":18,"column":4}},"loc":{"start":{"line":18,"column":47},"end":{"line":21,"column":4}},"line":18}},"branchMap":{"0":{"loc":{"start":{"line":4,"column":15},"end":{"line":4,"column":46}},"type":"default-arg","locations":[{"start":{"line":4,"column":25},"end":{"line":4,"column":46}}],"line":4},"1":{"loc":{"start":{"line":11,"column":15},"end":{"line":11,"column":48}},"type":"default-arg","locations":[{"start":{"line":11,"column":25},"end":{"line":11,"column":48}}],"line":11},"2":{"loc":{"start":{"line":18,"column":15},"end":{"line":18,"column":45}},"type":"default-arg","locations":[{"start":{"line":18,"column":25},"end":{"line":18,"column":45}}],"line":18}},"s":{"0":0,"1":0,"2":0,"3":0,"4":0,"5":0},"f":{"0":0,"1":0,"2":0},"b":{"0":[0],"1":[0],"2":[0]},"_coverageSchema":"1a1c01bbd47fc00a2c39e90264f33305004495a9","hash":"f1e8d71537b4adbde758cba8f1fc6cc818613fe8"}
,"/Users/vulebaolong/Dragon/Work/Tech_node/folow_class/node_50/ExpressJS/cyber_commynity/src/common/helpers/status-code.helper.js": {"path":"/Users/vulebaolong/Dragon/Work/Tech_node/folow_class/node_50/ExpressJS/cyber_commynity/src/common/helpers/status-code.helper.js","statementMap":{"0":{"start":{"line":1,"column":27},"end":{"line":344,"column":1}}},"fnMap":{},"branchMap":{},"s":{"0":1},"f":{},"b":{},"_coverageSchema":"1a1c01bbd47fc00a2c39e90264f33305004495a9","hash":"113280ef16b69aed1763525fa6b8e2d33d0c49ca"}
,"/Users/vulebaolong/Dragon/Work/Tech_node/folow_class/node_50/ExpressJS/cyber_commynity/src/common/prisma/init.prisma.js": {"path":"/Users/vulebaolong/Dragon/Work/Tech_node/folow_class/node_50/ExpressJS/cyber_commynity/src/common/prisma/init.prisma.js","statementMap":{"0":{"start":{"line":3,"column":15},"end":{"line":3,"column":33}}},"fnMap":{},"branchMap":{},"s":{"0":1},"f":{},"b":{},"_coverageSchema":"1a1c01bbd47fc00a2c39e90264f33305004495a9","hash":"8cb53773c4e368bb1804d73e224ed11a70a66ca7"}
,"/Users/vulebaolong/Dragon/Work/Tech_node/folow_class/node_50/ExpressJS/cyber_commynity/src/common/winston/init.winston.js": {"path":"/Users/vulebaolong/Dragon/Work/Tech_node/folow_class/node_50/ExpressJS/cyber_commynity/src/common/winston/init.winston.js","statementMap":{"0":{"start":{"line":4,"column":19},"end":{"line":10,"column":1}},"1":{"start":{"line":5,"column":3},"end":{"line":5,"column":57}},"2":{"start":{"line":5,"column":25},"end":{"line":5,"column":57}},"3":{"start":{"line":6,"column":3},"end":{"line":6,"column":57}},"4":{"start":{"line":6,"column":26},"end":{"line":6,"column":57}},"5":{"start":{"line":7,"column":3},"end":{"line":7,"column":58}},"6":{"start":{"line":7,"column":25},"end":{"line":7,"column":58}},"7":{"start":{"line":8,"column":3},"end":{"line":8,"column":56}},"8":{"start":{"line":8,"column":26},"end":{"line":8,"column":56}},"9":{"start":{"line":9,"column":3},"end":{"line":9,"column":16}},"10":{"start":{"line":12,"column":22},"end":{"line":20,"column":1}},"11":{"start":{"line":15,"column":6},"end":{"line":15,"column":56}},"12":{"start":{"line":16,"column":28},"end":{"line":16,"column":47}},"13":{"start":{"line":17,"column":25},"end":{"line":17,"column":50}},"14":{"start":{"line":18,"column":6},"end":{"line":18,"column":63}},"15":{"start":{"line":22,"column":15},"end":{"line":38,"column":2}}},"fnMap":{"0":{"name":"(anonymous_0)","decl":{"start":{"line":4,"column":19},"end":{"line":4,"column":20}},"loc":{"start":{"line":4,"column":30},"end":{"line":10,"column":1}},"line":4},"1":{"name":"(anonymous_1)","decl":{"start":{"line":14,"column":25},"end":{"line":14,"column":26}},"loc":{"start":{"line":14,"column":65},"end":{"line":19,"column":4}},"line":14}},"branchMap":{"0":{"loc":{"start":{"line":5,"column":3},"end":{"line":5,"column":57}},"type":"if","locations":[{"start":{"line":5,"column":3},"end":{"line":5,"column":57}},{"start":{},"end":{}}],"line":5},"1":{"loc":{"start":{"line":6,"column":3},"end":{"line":6,"column":57}},"type":"if","locations":[{"start":{"line":6,"column":3},"end":{"line":6,"column":57}},{"start":{},"end":{}}],"line":6},"2":{"loc":{"start":{"line":7,"column":3},"end":{"line":7,"column":58}},"type":"if","locations":[{"start":{"line":7,"column":3},"end":{"line":7,"column":58}},{"start":{},"end":{}}],"line":7},"3":{"loc":{"start":{"line":8,"column":3},"end":{"line":8,"column":56}},"type":"if","locations":[{"start":{"line":8,"column":3},"end":{"line":8,"column":56}},{"start":{},"end":{}}],"line":8},"4":{"loc":{"start":{"line":15,"column":39},"end":{"line":15,"column":54}},"type":"binary-expr","locations":[{"start":{"line":15,"column":39},"end":{"line":15,"column":42}},{"start":{"line":15,"column":46},"end":{"line":15,"column":54}}],"line":15}},"s":{"0":1,"1":0,"2":0,"3":0,"4":0,"5":0,"6":0,"7":0,"8":0,"9":0,"10":1,"11":0,"12":0,"13":0,"14":0,"15":1},"f":{"0":0,"1":0},"b":{"0":[0,0],"1":[0,0],"2":[0,0],"3":[0,0],"4":[0,0]},"_coverageSchema":"1a1c01bbd47fc00a2c39e90264f33305004495a9","hash":"bf5722f800d467405505f3dc53c914f7aebe48ab"}
,"/Users/vulebaolong/Dragon/Work/Tech_node/folow_class/node_50/ExpressJS/cyber_commynity/src/services/auth.service.js": {"path":"/Users/vulebaolong/Dragon/Work/Tech_node/folow_class/node_50/ExpressJS/cyber_commynity/src/services/auth.service.js","statementMap":{"0":{"start":{"line":10,"column":20},"end":{"line":131,"column":1}},"1":{"start":{"line":12,"column":44},"end":{"line":12,"column":52}},"2":{"start":{"line":13,"column":6},"end":{"line":13,"column":49}},"3":{"start":{"line":15,"column":24},"end":{"line":19,"column":8}},"4":{"start":{"line":20,"column":6},"end":{"line":20,"column":95}},"5":{"start":{"line":20,"column":21},"end":{"line":20,"column":95}},"6":{"start":{"line":21,"column":6},"end":{"line":21,"column":33}},"7":{"start":{"line":23,"column":19},"end":{"line":23,"column":41}},"8":{"start":{"line":24,"column":6},"end":{"line":24,"column":28}},"9":{"start":{"line":25,"column":27},"end":{"line":25,"column":58}},"10":{"start":{"line":27,"column":6},"end":{"line":27,"column":24}},"11":{"start":{"line":27,"column":17},"end":{"line":27,"column":23}},"12":{"start":{"line":30,"column":22},"end":{"line":36,"column":8}},"13":{"start":{"line":37,"column":6},"end":{"line":37,"column":31}},"14":{"start":{"line":39,"column":6},"end":{"line":39,"column":30}},"15":{"start":{"line":41,"column":6},"end":{"line":41,"column":21}},"16":{"start":{"line":44,"column":34},"end":{"line":44,"column":42}},"17":{"start":{"line":46,"column":24},"end":{"line":50,"column":8}},"18":{"start":{"line":51,"column":6},"end":{"line":51,"column":100}},"19":{"start":{"line":51,"column":22},"end":{"line":51,"column":100}},"20":{"start":{"line":54,"column":6},"end":{"line":54,"column":136}},"21":{"start":{"line":54,"column":32},"end":{"line":54,"column":136}},"22":{"start":{"line":56,"column":25},"end":{"line":56,"column":73}},"23":{"start":{"line":57,"column":6},"end":{"line":61,"column":7}},"24":{"start":{"line":59,"column":9},"end":{"line":59,"column":97}},"25":{"start":{"line":60,"column":9},"end":{"line":60,"column":71}},"26":{"start":{"line":64,"column":21},"end":{"line":64,"column":60}},"27":{"start":{"line":66,"column":6},"end":{"line":66,"column":20}},"28":{"start":{"line":69,"column":44},"end":{"line":69,"column":52}},"29":{"start":{"line":70,"column":6},"end":{"line":70,"column":80}},"30":{"start":{"line":70,"column":24},"end":{"line":70,"column":80}},"31":{"start":{"line":71,"column":6},"end":{"line":71,"column":82}},"32":{"start":{"line":71,"column":25},"end":{"line":71,"column":82}},"33":{"start":{"line":73,"column":33},"end":{"line":73,"column":79}},"34":{"start":{"line":74,"column":32},"end":{"line":74,"column":104}},"35":{"start":{"line":76,"column":6},"end":{"line":76,"column":120}},"36":{"start":{"line":76,"column":66},"end":{"line":76,"column":120}},"37":{"start":{"line":78,"column":21},"end":{"line":78,"column":73}},"38":{"start":{"line":80,"column":6},"end":{"line":80,"column":20}},"39":{"start":{"line":83,"column":6},"end":{"line":83,"column":31}},"40":{"start":{"line":84,"column":6},"end":{"line":84,"column":22}},"41":{"start":{"line":87,"column":23},"end":{"line":87,"column":31}},"42":{"start":{"line":88,"column":6},"end":{"line":88,"column":28}},"43":{"start":{"line":90,"column":27},"end":{"line":90,"column":98}},"44":{"start":{"line":92,"column":25},"end":{"line":92,"column":58}},"45":{"start":{"line":95,"column":27},"end":{"line":95,"column":54}},"46":{"start":{"line":96,"column":6},"end":{"line":96,"column":36}},"47":{"start":{"line":104,"column":6},"end":{"line":104,"column":100}},"48":{"start":{"line":104,"column":49},"end":{"line":104,"column":100}},"49":{"start":{"line":106,"column":22},"end":{"line":110,"column":8}},"50":{"start":{"line":114,"column":6},"end":{"line":123,"column":7}},"51":{"start":{"line":115,"column":9},"end":{"line":122,"column":12}},"52":{"start":{"line":127,"column":27},"end":{"line":127,"column":66}},"53":{"start":{"line":129,"column":6},"end":{"line":129,"column":26}}},"fnMap":{"0":{"name":"(anonymous_0)","decl":{"start":{"line":11,"column":13},"end":{"line":11,"column":14}},"loc":{"start":{"line":11,"column":28},"end":{"line":42,"column":4}},"line":11},"1":{"name":"(anonymous_1)","decl":{"start":{"line":27,"column":6},"end":{"line":27,"column":7}},"loc":{"start":{"line":27,"column":17},"end":{"line":27,"column":23}},"line":27},"2":{"name":"(anonymous_2)","decl":{"start":{"line":43,"column":10},"end":{"line":43,"column":11}},"loc":{"start":{"line":43,"column":25},"end":{"line":67,"column":4}},"line":43},"3":{"name":"(anonymous_3)","decl":{"start":{"line":68,"column":17},"end":{"line":68,"column":18}},"loc":{"start":{"line":68,"column":32},"end":{"line":81,"column":4}},"line":68},"4":{"name":"(anonymous_4)","decl":{"start":{"line":82,"column":12},"end":{"line":82,"column":13}},"loc":{"start":{"line":82,"column":27},"end":{"line":85,"column":4}},"line":82},"5":{"name":"(anonymous_5)","decl":{"start":{"line":86,"column":16},"end":{"line":86,"column":17}},"loc":{"start":{"line":86,"column":31},"end":{"line":130,"column":4}},"line":86}},"branchMap":{"0":{"loc":{"start":{"line":20,"column":6},"end":{"line":20,"column":95}},"type":"if","locations":[{"start":{"line":20,"column":6},"end":{"line":20,"column":95}},{"start":{},"end":{}}],"line":20},"1":{"loc":{"start":{"line":51,"column":6},"end":{"line":51,"column":100}},"type":"if","locations":[{"start":{"line":51,"column":6},"end":{"line":51,"column":100}},{"start":{},"end":{}}],"line":51},"2":{"loc":{"start":{"line":54,"column":6},"end":{"line":54,"column":136}},"type":"if","locations":[{"start":{"line":54,"column":6},"end":{"line":54,"column":136}},{"start":{},"end":{}}],"line":54},"3":{"loc":{"start":{"line":57,"column":6},"end":{"line":61,"column":7}},"type":"if","locations":[{"start":{"line":57,"column":6},"end":{"line":61,"column":7}},{"start":{},"end":{}}],"line":57},"4":{"loc":{"start":{"line":70,"column":6},"end":{"line":70,"column":80}},"type":"if","locations":[{"start":{"line":70,"column":6},"end":{"line":70,"column":80}},{"start":{},"end":{}}],"line":70},"5":{"loc":{"start":{"line":71,"column":6},"end":{"line":71,"column":82}},"type":"if","locations":[{"start":{"line":71,"column":6},"end":{"line":71,"column":82}},{"start":{},"end":{}}],"line":71},"6":{"loc":{"start":{"line":76,"column":6},"end":{"line":76,"column":120}},"type":"if","locations":[{"start":{"line":76,"column":6},"end":{"line":76,"column":120}},{"start":{},"end":{}}],"line":76},"7":{"loc":{"start":{"line":104,"column":6},"end":{"line":104,"column":100}},"type":"if","locations":[{"start":{"line":104,"column":6},"end":{"line":104,"column":100}},{"start":{},"end":{}}],"line":104},"8":{"loc":{"start":{"line":114,"column":6},"end":{"line":123,"column":7}},"type":"if","locations":[{"start":{"line":114,"column":6},"end":{"line":123,"column":7}},{"start":{},"end":{}}],"line":114}},"s":{"0":1,"1":1,"2":1,"3":1,"4":1,"5":0,"6":1,"7":1,"8":1,"9":1,"10":1,"11":0,"12":1,"13":1,"14":1,"15":1,"16":0,"17":0,"18":0,"19":0,"20":0,"21":0,"22":0,"23":0,"24":0,"25":0,"26":0,"27":0,"28":0,"29":0,"30":0,"31":0,"32":0,"33":0,"34":0,"35":0,"36":0,"37":0,"38":0,"39":0,"40":0,"41":0,"42":0,"43":0,"44":0,"45":0,"46":0,"47":0,"48":0,"49":0,"50":0,"51":0,"52":0,"53":0},"f":{"0":1,"1":0,"2":0,"3":0,"4":0,"5":0},"b":{"0":[0,1],"1":[0,0],"2":[0,0],"3":[0,0],"4":[0,0],"5":[0,0],"6":[0,0],"7":[0,0],"8":[0,0]},"_coverageSchema":"1a1c01bbd47fc00a2c39e90264f33305004495a9","hash":"d3fcbbde3458627935bad38792c8d469f5fcfe82"}
,"/Users/vulebaolong/Dragon/Work/Tech_node/folow_class/node_50/ExpressJS/cyber_commynity/src/services/token.service.js": {"path":"/Users/vulebaolong/Dragon/Work/Tech_node/folow_class/node_50/ExpressJS/cyber_commynity/src/services/token.service.js","statementMap":{"0":{"start":{"line":4,"column":21},"end":{"line":10,"column":1}},"1":{"start":{"line":6,"column":26},"end":{"line":6,"column":112}},"2":{"start":{"line":7,"column":27},"end":{"line":7,"column":113}},"3":{"start":{"line":8,"column":6},"end":{"line":8,"column":43}}},"fnMap":{"0":{"name":"(anonymous_0)","decl":{"start":{"line":5,"column":17},"end":{"line":5,"column":18}},"loc":{"start":{"line":5,"column":29},"end":{"line":9,"column":4}},"line":5}},"branchMap":{},"s":{"0":1,"1":0,"2":0,"3":0},"f":{"0":0},"b":{},"_coverageSchema":"1a1c01bbd47fc00a2c39e90264f33305004495a9","hash":"7f0a3f6ce20291e538d968047decd7f07516971d"}
}
